<?xml version="1.0" encoding="UTF-8"?>
<testsuite xmlns:xsi="http://www.w3.org/2001/XMLSchema-instance" xsi:noNamespaceSchemaLocation="https://maven.apache.org/surefire/maven-surefire-plugin/xsd/surefire-test-report-3.0.xsd" version="3.0" name="TestSuite" time="110.362" tests="34" errors="0" skipped="3" failures="14">
  <properties>
[...]
</properties>
  <testcase name="userCanRegisterSuccessfully" classname="tests.UserRegistrationTest" time="4.031">
    <system-err><![CDATA[SLF4J: Failed to load class "org.slf4j.impl.StaticLoggerBinder".
SLF4J: Defaulting to no-operation (NOP) logger implementation
SLF4J: See http://www.slf4j.org/codes.html#StaticLoggerBinder for further details.
Jun 14, 2022 4:56:50 PM org.openqa.selenium.remote.RemoteWebDriver startSession
WARNING: Support for Legacy Capabilities is deprecated; You are sending the following invalid capabilities: [acceptSslCerts]; Please update to W3C Syntax: https://www.selenium.dev/blog/2022/legacy-protocol-support/
Starting ChromeDriver 102.0.5005.61 (0e59bcc00cc4985ce39ad31c150065f159d95ad3-refs/branch-heads/5005@{#819}) on port 61734
Only local connections are allowed.
Please see https://chromedriver.chromium.org/security-considerations for suggestions on keeping ChromeDriver safe.
ChromeDriver was started successfully.
Jun 14, 2022 4:56:52 PM org.openqa.selenium.remote.ProtocolHandshake createSession
INFO: Detected upstream dialect: W3C
Jun 14, 2022 4:56:52 PM org.openqa.selenium.remote.ProtocolHandshake createSession
WARNING: Support for Legacy Capabilities is deprecated; You are sending the following invalid capabilities: [acceptSslCerts]; Please update to W3C Syntax: https://www.selenium.dev/blog/2022/legacy-protocol-support/
Jun 14, 2022 4:56:53 PM org.openqa.selenium.devtools.CdpVersionFinder findNearestMatch
INFO: Found exact CDP implementation for version 102
]]></system-err>
  </testcase>
  <testcase name="registeredUserCanLogout" classname="tests.UserRegistrationTest" time="0.946"/>
  <testcase name="registeredUserCanLogin" classname="tests.UserRegistrationTest" time="3.304"/>
  <testcase name="userCanRegisterSuccessfully" classname="tests.AddProductReviewTest" time="2.122">
    <failure message="no such element: Unable to locate element: {&quot;method&quot;:&quot;link text&quot;,&quot;selector&quot;:&quot;Register&quot;}&#10;  (Session info: chrome=102.0.5005.115)&#10;For documentation on this error, please visit: https://selenium.dev/exceptions/#no_such_element&#10;Build info: version: &apos;4.2.2&apos;, revision: &apos;683ccb65d6&apos;&#10;System info: host: &apos;DESKTOP-2KD9ONT&apos;, ip: &apos;172.28.192.1&apos;, os.name: &apos;Windows 10&apos;, os.arch: &apos;amd64&apos;, os.version: &apos;10.0&apos;, java.version: &apos;11.0.13&apos;&#10;Driver info: org.openqa.selenium.chrome.ChromeDriver&#10;Command: [22943cf34a68fdd4b454116f5e1e7419, findElement {using=link text, value=Register}]&#10;Capabilities {acceptInsecureCerts: false, browserName: chrome, browserVersion: 102.0.5005.115, chrome: {chromedriverVersion: 102.0.5005.61 (0e59bcc00cc4..., userDataDir: C:\Users\hp\AppData\Local\T...}, goog:chromeOptions: {debuggerAddress: localhost:9350}, networkConnectionEnabled: false, pageLoadStrategy: normal, platformName: WINDOWS, proxy: Proxy(), se:cdp: ws://localhost:9350/devtool..., se:cdpVersion: 102.0.5005.115, setWindowRect: true, strictFileInteractability: false, timeouts: {implicit: 0, pageLoad: 300000, script: 30000}, unhandledPromptBehavior: dismiss and notify, webauthn:extension:credBlob: true, webauthn:extension:largeBlob: true, webauthn:virtualAuthenticators: true}&#10;Session ID: 22943cf34a68fdd4b454116f5e1e7419" type="org.openqa.selenium.NoSuchElementException"><![CDATA[org.openqa.selenium.NoSuchElementException: 
no such element: Unable to locate element: {"method":"link text","selector":"Register"}
  (Session info: chrome=102.0.5005.115)
For documentation on this error, please visit: https://selenium.dev/exceptions/#no_such_element
Build info: version: '4.2.2', revision: '683ccb65d6'
System info: host: 'DESKTOP-2KD9ONT', ip: '172.28.192.1', os.name: 'Windows 10', os.arch: 'amd64', os.version: '10.0', java.version: '11.0.13'
Driver info: org.openqa.selenium.chrome.ChromeDriver
Command: [22943cf34a68fdd4b454116f5e1e7419, findElement {using=link text, value=Register}]
Capabilities {acceptInsecureCerts: false, browserName: chrome, browserVersion: 102.0.5005.115, chrome: {chromedriverVersion: 102.0.5005.61 (0e59bcc00cc4..., userDataDir: C:\Users\hp\AppData\Local\T...}, goog:chromeOptions: {debuggerAddress: localhost:9350}, networkConnectionEnabled: false, pageLoadStrategy: normal, platformName: WINDOWS, proxy: Proxy(), se:cdp: ws://localhost:9350/devtool..., se:cdpVersion: 102.0.5005.115, setWindowRect: true, strictFileInteractability: false, timeouts: {implicit: 0, pageLoad: 300000, script: 30000}, unhandledPromptBehavior: dismiss and notify, webauthn:extension:credBlob: true, webauthn:extension:largeBlob: true, webauthn:virtualAuthenticators: true}
Session ID: 22943cf34a68fdd4b454116f5e1e7419
	at tests.AddProductReviewTest.userCanRegisterSuccessfully(AddProductReviewTest.java:23)
]]></failure>
  </testcase>
  <testcase name="userCanSearchWithAutoSuggest" classname="tests.AddProductReviewTest" time="7.178">
    <system-out><![CDATA[Failed!
Taking screenshot...
]]></system-out>
  </testcase>
  <testcase name="registeredUserCanAddProductReview" classname="tests.AddProductReviewTest" time="5.365"/>
  <testcase name="userCanCompareProducts" classname="tests.AddProductToCompareTest" time="9.788">
    <system-out><![CDATA[8
  Remove Remove	
 	
Remove	
Remove	
 	
	
	
Name	
Asus N551JK-XO076H Laptop	
Apple MacBook Pro 13-inch	
Price	
$1,500.00	
$1,800.00	
Screensize	
15.6''	
13.0''	
CPU Type	
Intel Core i7	
Intel Core i5	
Memory	
16 GB	
4 GB	
Hard drive	
1 TB	
 	
 	
 	
Remove	
Remove	
 	
	
	
Name	
Asus N551JK-XO076H Laptop	
Apple MacBook Pro 13-inch	
Price	
$1,500.00	
$1,800.00	
Screensize	
15.6''	
13.0''	
CPU Type	
Intel Core i7	
Intel Core i5	
Memory	
16 GB	
4 GB	
Hard drive	
1 TB	
 	
Name Asus N551JK-XO076H Laptop Apple MacBook Pro 13-inch	
 	
Remove	
Remove	
 	
	
	
Name	
Asus N551JK-XO076H Laptop	
Apple MacBook Pro 13-inch	
Price	
$1,500.00	
$1,800.00	
Screensize	
15.6''	
13.0''	
CPU Type	
Intel Core i7	
Intel Core i5	
Memory	
16 GB	
4 GB	
Hard drive	
1 TB	
 	
Price $1,500.00 $1,800.00	
 	
Remove	
Remove	
 	
	
	
Name	
Asus N551JK-XO076H Laptop	
Apple MacBook Pro 13-inch	
Price	
$1,500.00	
$1,800.00	
Screensize	
15.6''	
13.0''	
CPU Type	
Intel Core i7	
Intel Core i5	
Memory	
16 GB	
4 GB	
Hard drive	
1 TB	
 	
Screensize 15.6'' 13.0''	
 	
Remove	
Remove	
 	
	
	
Name	
Asus N551JK-XO076H Laptop	
Apple MacBook Pro 13-inch	
Price	
$1,500.00	
$1,800.00	
Screensize	
15.6''	
13.0''	
CPU Type	
Intel Core i7	
Intel Core i5	
Memory	
16 GB	
4 GB	
Hard drive	
1 TB	
 	
CPU Type Intel Core i7 Intel Core i5	
 	
Remove	
Remove	
 	
	
	
Name	
Asus N551JK-XO076H Laptop	
Apple MacBook Pro 13-inch	
Price	
$1,500.00	
$1,800.00	
Screensize	
15.6''	
13.0''	
CPU Type	
Intel Core i7	
Intel Core i5	
Memory	
16 GB	
4 GB	
Hard drive	
1 TB	
 	
Memory 16 GB 4 GB	
 	
Remove	
Remove	
 	
	
	
Name	
Asus N551JK-XO076H Laptop	
Apple MacBook Pro 13-inch	
Price	
$1,500.00	
$1,800.00	
Screensize	
15.6''	
13.0''	
CPU Type	
Intel Core i7	
Intel Core i5	
Memory	
16 GB	
4 GB	
Hard drive	
1 TB	
 	
Hard drive 1 TB  	
 	
Remove	
Remove	
 	
	
	
Name	
Asus N551JK-XO076H Laptop	
Apple MacBook Pro 13-inch	
Price	
$1,500.00	
$1,800.00	
Screensize	
15.6''	
13.0''	
CPU Type	
Intel Core i7	
Intel Core i5	
Memory	
16 GB	
4 GB	
Hard drive	
1 TB	
 	
]]></system-out>
  </testcase>
  <testcase name="userCanClearCompareList" classname="tests.AddProductToCompareTest" time="1.324"/>
  <testcase name="userCanSearchWithAutoSuggest" classname="tests.AddProductToWishlistTest" time="2.088">
    <failure message="Index 0 out of bounds for length 0" type="java.lang.IndexOutOfBoundsException"><![CDATA[java.lang.IndexOutOfBoundsException: Index 0 out of bounds for length 0
	at tests.AddProductToWishlistTest.userCanSearchWithAutoSuggest(AddProductToWishlistTest.java:19)
]]></failure>
  </testcase>
  <testcase name="userCanAddProductToWishlist" classname="tests.AddProductToWishlistTest" time="2.044">
    <failure message="no such element: Unable to locate element: {&quot;method&quot;:&quot;css selector&quot;,&quot;selector&quot;:&quot;#add\-to\-wishlist\-button\-4&quot;}&#10;  (Session info: chrome=102.0.5005.115)&#10;For documentation on this error, please visit: https://selenium.dev/exceptions/#no_such_element&#10;Build info: version: &apos;4.2.2&apos;, revision: &apos;683ccb65d6&apos;&#10;System info: host: &apos;DESKTOP-2KD9ONT&apos;, ip: &apos;172.28.192.1&apos;, os.name: &apos;Windows 10&apos;, os.arch: &apos;amd64&apos;, os.version: &apos;10.0&apos;, java.version: &apos;11.0.13&apos;&#10;Driver info: org.openqa.selenium.chrome.ChromeDriver&#10;Command: [22943cf34a68fdd4b454116f5e1e7419, findElement {using=id, value=add-to-wishlist-button-4}]&#10;Capabilities {acceptInsecureCerts: false, browserName: chrome, browserVersion: 102.0.5005.115, chrome: {chromedriverVersion: 102.0.5005.61 (0e59bcc00cc4..., userDataDir: C:\Users\hp\AppData\Local\T...}, goog:chromeOptions: {debuggerAddress: localhost:9350}, networkConnectionEnabled: false, pageLoadStrategy: normal, platformName: WINDOWS, proxy: Proxy(), se:cdp: ws://localhost:9350/devtool..., se:cdpVersion: 102.0.5005.115, setWindowRect: true, strictFileInteractability: false, timeouts: {implicit: 0, pageLoad: 300000, script: 30000}, unhandledPromptBehavior: dismiss and notify, webauthn:extension:credBlob: true, webauthn:extension:largeBlob: true, webauthn:virtualAuthenticators: true}&#10;Session ID: 22943cf34a68fdd4b454116f5e1e7419" type="org.openqa.selenium.NoSuchElementException"><![CDATA[org.openqa.selenium.NoSuchElementException: 
no such element: Unable to locate element: {"method":"css selector","selector":"#add\-to\-wishlist\-button\-4"}
  (Session info: chrome=102.0.5005.115)
For documentation on this error, please visit: https://selenium.dev/exceptions/#no_such_element
Build info: version: '4.2.2', revision: '683ccb65d6'
System info: host: 'DESKTOP-2KD9ONT', ip: '172.28.192.1', os.name: 'Windows 10', os.arch: 'amd64', os.version: '10.0', java.version: '11.0.13'
Driver info: org.openqa.selenium.chrome.ChromeDriver
Command: [22943cf34a68fdd4b454116f5e1e7419, findElement {using=id, value=add-to-wishlist-button-4}]
Capabilities {acceptInsecureCerts: false, browserName: chrome, browserVersion: 102.0.5005.115, chrome: {chromedriverVersion: 102.0.5005.61 (0e59bcc00cc4..., userDataDir: C:\Users\hp\AppData\Local\T...}, goog:chromeOptions: {debuggerAddress: localhost:9350}, networkConnectionEnabled: false, pageLoadStrategy: normal, platformName: WINDOWS, proxy: Proxy(), se:cdp: ws://localhost:9350/devtool..., se:cdpVersion: 102.0.5005.115, setWindowRect: true, strictFileInteractability: false, timeouts: {implicit: 0, pageLoad: 300000, script: 30000}, unhandledPromptBehavior: dismiss and notify, webauthn:extension:credBlob: true, webauthn:extension:largeBlob: true, webauthn:virtualAuthenticators: true}
Session ID: 22943cf34a68fdd4b454116f5e1e7419
	at tests.AddProductToWishlistTest.userCanAddProductToWishlist(AddProductToWishlistTest.java:25)
]]></failure>
    <system-out><![CDATA[Failed!
Taking screenshot...
]]></system-out>
  </testcase>
  <testcase name="userCanRemoveProductFromCart" classname="tests.AddProductToWishlistTest" time="2.035">
    <failure message="no such element: Unable to locate element: {&quot;method&quot;:&quot;css selector&quot;,&quot;selector&quot;:&quot;td.remove-from-cart [name=&apos;updatecart&apos;]&quot;}&#10;  (Session info: chrome=102.0.5005.115)&#10;For documentation on this error, please visit: https://selenium.dev/exceptions/#no_such_element&#10;Build info: version: &apos;4.2.2&apos;, revision: &apos;683ccb65d6&apos;&#10;System info: host: &apos;DESKTOP-2KD9ONT&apos;, ip: &apos;172.28.192.1&apos;, os.name: &apos;Windows 10&apos;, os.arch: &apos;amd64&apos;, os.version: &apos;10.0&apos;, java.version: &apos;11.0.13&apos;&#10;Driver info: org.openqa.selenium.chrome.ChromeDriver&#10;Command: [22943cf34a68fdd4b454116f5e1e7419, findElement {using=css selector, value=td.remove-from-cart [name=&apos;updatecart&apos;]}]&#10;Capabilities {acceptInsecureCerts: false, browserName: chrome, browserVersion: 102.0.5005.115, chrome: {chromedriverVersion: 102.0.5005.61 (0e59bcc00cc4..., userDataDir: C:\Users\hp\AppData\Local\T...}, goog:chromeOptions: {debuggerAddress: localhost:9350}, networkConnectionEnabled: false, pageLoadStrategy: normal, platformName: WINDOWS, proxy: Proxy(), se:cdp: ws://localhost:9350/devtool..., se:cdpVersion: 102.0.5005.115, setWindowRect: true, strictFileInteractability: false, timeouts: {implicit: 0, pageLoad: 300000, script: 30000}, unhandledPromptBehavior: dismiss and notify, webauthn:extension:credBlob: true, webauthn:extension:largeBlob: true, webauthn:virtualAuthenticators: true}&#10;Session ID: 22943cf34a68fdd4b454116f5e1e7419" type="org.openqa.selenium.NoSuchElementException"><![CDATA[org.openqa.selenium.NoSuchElementException: 
no such element: Unable to locate element: {"method":"css selector","selector":"td.remove-from-cart [name='updatecart']"}
  (Session info: chrome=102.0.5005.115)
For documentation on this error, please visit: https://selenium.dev/exceptions/#no_such_element
Build info: version: '4.2.2', revision: '683ccb65d6'
System info: host: 'DESKTOP-2KD9ONT', ip: '172.28.192.1', os.name: 'Windows 10', os.arch: 'amd64', os.version: '10.0', java.version: '11.0.13'
Driver info: org.openqa.selenium.chrome.ChromeDriver
Command: [22943cf34a68fdd4b454116f5e1e7419, findElement {using=css selector, value=td.remove-from-cart [name='updatecart']}]
Capabilities {acceptInsecureCerts: false, browserName: chrome, browserVersion: 102.0.5005.115, chrome: {chromedriverVersion: 102.0.5005.61 (0e59bcc00cc4..., userDataDir: C:\Users\hp\AppData\Local\T...}, goog:chromeOptions: {debuggerAddress: localhost:9350}, networkConnectionEnabled: false, pageLoadStrategy: normal, platformName: WINDOWS, proxy: Proxy(), se:cdp: ws://localhost:9350/devtool..., se:cdpVersion: 102.0.5005.115, setWindowRect: true, strictFileInteractability: false, timeouts: {implicit: 0, pageLoad: 300000, script: 30000}, unhandledPromptBehavior: dismiss and notify, webauthn:extension:credBlob: true, webauthn:extension:largeBlob: true, webauthn:virtualAuthenticators: true}
Session ID: 22943cf34a68fdd4b454116f5e1e7419
	at tests.AddProductToWishlistTest.userCanRemoveProductFromCart(AddProductToWishlistTest.java:35)
]]></failure>
    <system-out><![CDATA[Failed!
Taking screenshot...
]]></system-out>
  </testcase>
  <testcase name="userCanUseContactUs" classname="tests.ContactUsTest" time="4.402">
    <failure message="no such element: Unable to locate element: {&quot;method&quot;:&quot;css selector&quot;,&quot;selector&quot;:&quot;div.result&quot;}&#10;  (Session info: chrome=102.0.5005.115)&#10;For documentation on this error, please visit: https://selenium.dev/exceptions/#no_such_element&#10;Build info: version: &apos;4.2.2&apos;, revision: &apos;683ccb65d6&apos;&#10;System info: host: &apos;DESKTOP-2KD9ONT&apos;, ip: &apos;172.28.192.1&apos;, os.name: &apos;Windows 10&apos;, os.arch: &apos;amd64&apos;, os.version: &apos;10.0&apos;, java.version: &apos;11.0.13&apos;&#10;Driver info: org.openqa.selenium.chrome.ChromeDriver&#10;Command: [22943cf34a68fdd4b454116f5e1e7419, findElement {using=css selector, value=div.result}]&#10;Capabilities {acceptInsecureCerts: false, browserName: chrome, browserVersion: 102.0.5005.115, chrome: {chromedriverVersion: 102.0.5005.61 (0e59bcc00cc4..., userDataDir: C:\Users\hp\AppData\Local\T...}, goog:chromeOptions: {debuggerAddress: localhost:9350}, networkConnectionEnabled: false, pageLoadStrategy: normal, platformName: WINDOWS, proxy: Proxy(), se:cdp: ws://localhost:9350/devtool..., se:cdpVersion: 102.0.5005.115, setWindowRect: true, strictFileInteractability: false, timeouts: {implicit: 0, pageLoad: 300000, script: 30000}, unhandledPromptBehavior: dismiss and notify, webauthn:extension:credBlob: true, webauthn:extension:largeBlob: true, webauthn:virtualAuthenticators: true}&#10;Session ID: 22943cf34a68fdd4b454116f5e1e7419" type="org.openqa.selenium.NoSuchElementException"><![CDATA[org.openqa.selenium.NoSuchElementException: 
no such element: Unable to locate element: {"method":"css selector","selector":"div.result"}
  (Session info: chrome=102.0.5005.115)
For documentation on this error, please visit: https://selenium.dev/exceptions/#no_such_element
Build info: version: '4.2.2', revision: '683ccb65d6'
System info: host: 'DESKTOP-2KD9ONT', ip: '172.28.192.1', os.name: 'Windows 10', os.arch: 'amd64', os.version: '10.0', java.version: '11.0.13'
Driver info: org.openqa.selenium.chrome.ChromeDriver
Command: [22943cf34a68fdd4b454116f5e1e7419, findElement {using=css selector, value=div.result}]
Capabilities {acceptInsecureCerts: false, browserName: chrome, browserVersion: 102.0.5005.115, chrome: {chromedriverVersion: 102.0.5005.61 (0e59bcc00cc4..., userDataDir: C:\Users\hp\AppData\Local\T...}, goog:chromeOptions: {debuggerAddress: localhost:9350}, networkConnectionEnabled: false, pageLoadStrategy: normal, platformName: WINDOWS, proxy: Proxy(), se:cdp: ws://localhost:9350/devtool..., se:cdpVersion: 102.0.5005.115, setWindowRect: true, strictFileInteractability: false, timeouts: {implicit: 0, pageLoad: 300000, script: 30000}, unhandledPromptBehavior: dismiss and notify, webauthn:extension:credBlob: true, webauthn:extension:largeBlob: true, webauthn:virtualAuthenticators: true}
Session ID: 22943cf34a68fdd4b454116f5e1e7419
	at tests.ContactUsTest.userCanUseContactUs(ContactUsTest.java:44)
]]></failure>
    <system-out><![CDATA[Failed!
Taking screenshot...
]]></system-out>
  </testcase>
  <testcase name="userCanChangeCurrency" classname="tests.ChangeCurrencyTest" time="0.949">
    <system-out><![CDATA[Failed!
Taking screenshot...
]]></system-out>
  </testcase>
  <testcase name="userCanSearchWithAutoSuggest" classname="tests.ChangeCurrencyTest" time="1.914">
    <failure message="expected [true] but found [false]" type="java.lang.AssertionError"><![CDATA[java.lang.AssertionError: expected [true] but found [false]
	at tests.ChangeCurrencyTest.userCanSearchWithAutoSuggest(ChangeCurrencyTest.java:28)
]]></failure>
  </testcase>
  <testcase name="userCanRegisterSuccessfully" classname="tests.EmailFriendTest" time="2.111">
    <failure message="no such element: Unable to locate element: {&quot;method&quot;:&quot;link text&quot;,&quot;selector&quot;:&quot;Register&quot;}&#10;  (Session info: chrome=102.0.5005.115)&#10;For documentation on this error, please visit: https://selenium.dev/exceptions/#no_such_element&#10;Build info: version: &apos;4.2.2&apos;, revision: &apos;683ccb65d6&apos;&#10;System info: host: &apos;DESKTOP-2KD9ONT&apos;, ip: &apos;172.28.192.1&apos;, os.name: &apos;Windows 10&apos;, os.arch: &apos;amd64&apos;, os.version: &apos;10.0&apos;, java.version: &apos;11.0.13&apos;&#10;Driver info: org.openqa.selenium.chrome.ChromeDriver&#10;Command: [22943cf34a68fdd4b454116f5e1e7419, findElement {using=link text, value=Register}]&#10;Capabilities {acceptInsecureCerts: false, browserName: chrome, browserVersion: 102.0.5005.115, chrome: {chromedriverVersion: 102.0.5005.61 (0e59bcc00cc4..., userDataDir: C:\Users\hp\AppData\Local\T...}, goog:chromeOptions: {debuggerAddress: localhost:9350}, networkConnectionEnabled: false, pageLoadStrategy: normal, platformName: WINDOWS, proxy: Proxy(), se:cdp: ws://localhost:9350/devtool..., se:cdpVersion: 102.0.5005.115, setWindowRect: true, strictFileInteractability: false, timeouts: {implicit: 0, pageLoad: 300000, script: 30000}, unhandledPromptBehavior: dismiss and notify, webauthn:extension:credBlob: true, webauthn:extension:largeBlob: true, webauthn:virtualAuthenticators: true}&#10;Session ID: 22943cf34a68fdd4b454116f5e1e7419" type="org.openqa.selenium.NoSuchElementException"><![CDATA[org.openqa.selenium.NoSuchElementException: 
no such element: Unable to locate element: {"method":"link text","selector":"Register"}
  (Session info: chrome=102.0.5005.115)
For documentation on this error, please visit: https://selenium.dev/exceptions/#no_such_element
Build info: version: '4.2.2', revision: '683ccb65d6'
System info: host: 'DESKTOP-2KD9ONT', ip: '172.28.192.1', os.name: 'Windows 10', os.arch: 'amd64', os.version: '10.0', java.version: '11.0.13'
Driver info: org.openqa.selenium.chrome.ChromeDriver
Command: [22943cf34a68fdd4b454116f5e1e7419, findElement {using=link text, value=Register}]
Capabilities {acceptInsecureCerts: false, browserName: chrome, browserVersion: 102.0.5005.115, chrome: {chromedriverVersion: 102.0.5005.61 (0e59bcc00cc4..., userDataDir: C:\Users\hp\AppData\Local\T...}, goog:chromeOptions: {debuggerAddress: localhost:9350}, networkConnectionEnabled: false, pageLoadStrategy: normal, platformName: WINDOWS, proxy: Proxy(), se:cdp: ws://localhost:9350/devtool..., se:cdpVersion: 102.0.5005.115, setWindowRect: true, strictFileInteractability: false, timeouts: {implicit: 0, pageLoad: 300000, script: 30000}, unhandledPromptBehavior: dismiss and notify, webauthn:extension:credBlob: true, webauthn:extension:largeBlob: true, webauthn:virtualAuthenticators: true}
Session ID: 22943cf34a68fdd4b454116f5e1e7419
	at tests.EmailFriendTest.userCanRegisterSuccessfully(EmailFriendTest.java:23)
]]></failure>
    <system-out><![CDATA[Failed!
Taking screenshot...
]]></system-out>
  </testcase>
  <testcase name="userCanSearchWithAutoSuggest" classname="tests.EmailFriendTest" time="1.936">
    <system-out><![CDATA[Failed!
Taking screenshot...
]]></system-out>
  </testcase>
  <testcase name="registeredUserCanSendProductToFriend" classname="tests.EmailFriendTest" time="4.255"/>
  <testcase name="RegisteredUserCanLogout" classname="tests.EmailFriendTest" time="0">
    <failure type="java.lang.NullPointerException"><![CDATA[java.lang.NullPointerException
	at tests.EmailFriendTest.RegisteredUserCanLogout(EmailFriendTest.java:48)
]]></failure>
  </testcase>
  <testcase name="userCanRegisterSuccessfully" classname="tests.MyAccountTest" time="2.038">
    <failure message="no such element: Unable to locate element: {&quot;method&quot;:&quot;link text&quot;,&quot;selector&quot;:&quot;Register&quot;}&#10;  (Session info: chrome=102.0.5005.115)&#10;For documentation on this error, please visit: https://selenium.dev/exceptions/#no_such_element&#10;Build info: version: &apos;4.2.2&apos;, revision: &apos;683ccb65d6&apos;&#10;System info: host: &apos;DESKTOP-2KD9ONT&apos;, ip: &apos;172.28.192.1&apos;, os.name: &apos;Windows 10&apos;, os.arch: &apos;amd64&apos;, os.version: &apos;10.0&apos;, java.version: &apos;11.0.13&apos;&#10;Driver info: org.openqa.selenium.chrome.ChromeDriver&#10;Command: [22943cf34a68fdd4b454116f5e1e7419, findElement {using=link text, value=Register}]&#10;Capabilities {acceptInsecureCerts: false, browserName: chrome, browserVersion: 102.0.5005.115, chrome: {chromedriverVersion: 102.0.5005.61 (0e59bcc00cc4..., userDataDir: C:\Users\hp\AppData\Local\T...}, goog:chromeOptions: {debuggerAddress: localhost:9350}, networkConnectionEnabled: false, pageLoadStrategy: normal, platformName: WINDOWS, proxy: Proxy(), se:cdp: ws://localhost:9350/devtool..., se:cdpVersion: 102.0.5005.115, setWindowRect: true, strictFileInteractability: false, timeouts: {implicit: 0, pageLoad: 300000, script: 30000}, unhandledPromptBehavior: dismiss and notify, webauthn:extension:credBlob: true, webauthn:extension:largeBlob: true, webauthn:virtualAuthenticators: true}&#10;Session ID: 22943cf34a68fdd4b454116f5e1e7419" type="org.openqa.selenium.NoSuchElementException"><![CDATA[org.openqa.selenium.NoSuchElementException: 
no such element: Unable to locate element: {"method":"link text","selector":"Register"}
  (Session info: chrome=102.0.5005.115)
For documentation on this error, please visit: https://selenium.dev/exceptions/#no_such_element
Build info: version: '4.2.2', revision: '683ccb65d6'
System info: host: 'DESKTOP-2KD9ONT', ip: '172.28.192.1', os.name: 'Windows 10', os.arch: 'amd64', os.version: '10.0', java.version: '11.0.13'
Driver info: org.openqa.selenium.chrome.ChromeDriver
Command: [22943cf34a68fdd4b454116f5e1e7419, findElement {using=link text, value=Register}]
Capabilities {acceptInsecureCerts: false, browserName: chrome, browserVersion: 102.0.5005.115, chrome: {chromedriverVersion: 102.0.5005.61 (0e59bcc00cc4..., userDataDir: C:\Users\hp\AppData\Local\T...}, goog:chromeOptions: {debuggerAddress: localhost:9350}, networkConnectionEnabled: false, pageLoadStrategy: normal, platformName: WINDOWS, proxy: Proxy(), se:cdp: ws://localhost:9350/devtool..., se:cdpVersion: 102.0.5005.115, setWindowRect: true, strictFileInteractability: false, timeouts: {implicit: 0, pageLoad: 300000, script: 30000}, unhandledPromptBehavior: dismiss and notify, webauthn:extension:credBlob: true, webauthn:extension:largeBlob: true, webauthn:virtualAuthenticators: true}
Session ID: 22943cf34a68fdd4b454116f5e1e7419
	at tests.MyAccountTest.userCanRegisterSuccessfully(MyAccountTest.java:82)
]]></failure>
    <system-out><![CDATA[Failed!
Taking screenshot...
]]></system-out>
  </testcase>
  <testcase name="registeredUserCanChangePassword" classname="tests.MyAccountTest" time="0">
    <skipped message="Method tests.MyAccountTest.registeredUserCanChangePassword() on instance tests.MyAccountTest@202b0582 depends on not successfully finished methods &#10;[tests.MyAccountTest.userCanRegisterSuccessfully() on instance tests.MyAccountTest@202b0582]"/>
    <system-out><![CDATA[Failed!
Taking screenshot...
]]></system-out>
  </testcase>
  <testcase name="registeredUserCanLogout" classname="tests.MyAccountTest" time="0">
    <skipped message="Method tests.MyAccountTest.registeredUserCanLogout() on instance tests.MyAccountTest@202b0582 depends on not successfully finished methods &#10;[tests.MyAccountTest.registeredUserCanChangePassword() on instance tests.MyAccountTest@202b0582]"/>
  </testcase>
  <testcase name="registeredUserCanLogin" classname="tests.MyAccountTest" time="0">
    <skipped message="Method tests.MyAccountTest.registeredUserCanLogin() on instance tests.MyAccountTest@202b0582 depends on not successfully finished methods &#10;[tests.MyAccountTest.registeredUserCanLogout() on instance tests.MyAccountTest@202b0582]"/>
  </testcase>
  <testcase name="userCanSelectSubCategoryFromMainMenu" classname="tests.ProductHoverMenuTest" time="2.031"/>
  <testcase name="userCanRegisterSuccessfully" classname="tests.RegisteredUserCheckoutProductTest" time="2.023">
    <failure message="no such element: Unable to locate element: {&quot;method&quot;:&quot;link text&quot;,&quot;selector&quot;:&quot;Register&quot;}&#10;  (Session info: chrome=102.0.5005.115)&#10;For documentation on this error, please visit: https://selenium.dev/exceptions/#no_such_element&#10;Build info: version: &apos;4.2.2&apos;, revision: &apos;683ccb65d6&apos;&#10;System info: host: &apos;DESKTOP-2KD9ONT&apos;, ip: &apos;172.28.192.1&apos;, os.name: &apos;Windows 10&apos;, os.arch: &apos;amd64&apos;, os.version: &apos;10.0&apos;, java.version: &apos;11.0.13&apos;&#10;Driver info: org.openqa.selenium.chrome.ChromeDriver&#10;Command: [22943cf34a68fdd4b454116f5e1e7419, findElement {using=link text, value=Register}]&#10;Capabilities {acceptInsecureCerts: false, browserName: chrome, browserVersion: 102.0.5005.115, chrome: {chromedriverVersion: 102.0.5005.61 (0e59bcc00cc4..., userDataDir: C:\Users\hp\AppData\Local\T...}, goog:chromeOptions: {debuggerAddress: localhost:9350}, networkConnectionEnabled: false, pageLoadStrategy: normal, platformName: WINDOWS, proxy: Proxy(), se:cdp: ws://localhost:9350/devtool..., se:cdpVersion: 102.0.5005.115, setWindowRect: true, strictFileInteractability: false, timeouts: {implicit: 0, pageLoad: 300000, script: 30000}, unhandledPromptBehavior: dismiss and notify, webauthn:extension:credBlob: true, webauthn:extension:largeBlob: true, webauthn:virtualAuthenticators: true}&#10;Session ID: 22943cf34a68fdd4b454116f5e1e7419" type="org.openqa.selenium.NoSuchElementException"><![CDATA[org.openqa.selenium.NoSuchElementException: 
no such element: Unable to locate element: {"method":"link text","selector":"Register"}
  (Session info: chrome=102.0.5005.115)
For documentation on this error, please visit: https://selenium.dev/exceptions/#no_such_element
Build info: version: '4.2.2', revision: '683ccb65d6'
System info: host: 'DESKTOP-2KD9ONT', ip: '172.28.192.1', os.name: 'Windows 10', os.arch: 'amd64', os.version: '10.0', java.version: '11.0.13'
Driver info: org.openqa.selenium.chrome.ChromeDriver
Command: [22943cf34a68fdd4b454116f5e1e7419, findElement {using=link text, value=Register}]
Capabilities {acceptInsecureCerts: false, browserName: chrome, browserVersion: 102.0.5005.115, chrome: {chromedriverVersion: 102.0.5005.61 (0e59bcc00cc4..., userDataDir: C:\Users\hp\AppData\Local\T...}, goog:chromeOptions: {debuggerAddress: localhost:9350}, networkConnectionEnabled: false, pageLoadStrategy: normal, platformName: WINDOWS, proxy: Proxy(), se:cdp: ws://localhost:9350/devtool..., se:cdpVersion: 102.0.5005.115, setWindowRect: true, strictFileInteractability: false, timeouts: {implicit: 0, pageLoad: 300000, script: 30000}, unhandledPromptBehavior: dismiss and notify, webauthn:extension:credBlob: true, webauthn:extension:largeBlob: true, webauthn:virtualAuthenticators: true}
Session ID: 22943cf34a68fdd4b454116f5e1e7419
	at tests.RegisteredUserCheckoutProductTest.userCanRegisterSuccessfully(RegisteredUserCheckoutProductTest.java:38)
]]></failure>
  </testcase>
  <testcase name="userCanSearchWithAutoSuggest" classname="tests.RegisteredUserCheckoutProductTest" time="1.824">
    <system-out><![CDATA[Failed!
Taking screenshot...
]]></system-out>
  </testcase>
  <testcase name="userCanAddProductToShoppingCart" classname="tests.RegisteredUserCheckoutProductTest" time="2.27"/>
  <testcase name="userCanCheckoutProduct" classname="tests.RegisteredUserCheckoutProductTest" time="14.886"/>
  <testcase name="RegisteredUserCanLogout" classname="tests.RegisteredUserCheckoutProductTest" time="0.001">
    <failure type="java.lang.NullPointerException"><![CDATA[java.lang.NullPointerException
	at tests.RegisteredUserCheckoutProductTest.RegisteredUserCanLogout(RegisteredUserCheckoutProductTest.java:79)
]]></failure>
  </testcase>
  <testcase name="userCanSearchForProducts" classname="tests.SearchProductTest" time="4.088">
    <failure message="no such element: Unable to locate element: {&quot;method&quot;:&quot;css selector&quot;,&quot;selector&quot;:&quot;strong.current-item&quot;}&#10;  (Session info: chrome=102.0.5005.115)&#10;For documentation on this error, please visit: https://selenium.dev/exceptions/#no_such_element&#10;Build info: version: &apos;4.2.2&apos;, revision: &apos;683ccb65d6&apos;&#10;System info: host: &apos;DESKTOP-2KD9ONT&apos;, ip: &apos;172.28.192.1&apos;, os.name: &apos;Windows 10&apos;, os.arch: &apos;amd64&apos;, os.version: &apos;10.0&apos;, java.version: &apos;11.0.13&apos;&#10;Driver info: org.openqa.selenium.chrome.ChromeDriver&#10;Command: [22943cf34a68fdd4b454116f5e1e7419, findElement {using=css selector, value=strong.current-item}]&#10;Capabilities {acceptInsecureCerts: false, browserName: chrome, browserVersion: 102.0.5005.115, chrome: {chromedriverVersion: 102.0.5005.61 (0e59bcc00cc4..., userDataDir: C:\Users\hp\AppData\Local\T...}, goog:chromeOptions: {debuggerAddress: localhost:9350}, networkConnectionEnabled: false, pageLoadStrategy: normal, platformName: WINDOWS, proxy: Proxy(), se:cdp: ws://localhost:9350/devtool..., se:cdpVersion: 102.0.5005.115, setWindowRect: true, strictFileInteractability: false, timeouts: {implicit: 0, pageLoad: 300000, script: 30000}, unhandledPromptBehavior: dismiss and notify, webauthn:extension:credBlob: true, webauthn:extension:largeBlob: true, webauthn:virtualAuthenticators: true}&#10;Session ID: 22943cf34a68fdd4b454116f5e1e7419" type="org.openqa.selenium.NoSuchElementException"><![CDATA[org.openqa.selenium.NoSuchElementException: 
no such element: Unable to locate element: {"method":"css selector","selector":"strong.current-item"}
  (Session info: chrome=102.0.5005.115)
For documentation on this error, please visit: https://selenium.dev/exceptions/#no_such_element
Build info: version: '4.2.2', revision: '683ccb65d6'
System info: host: 'DESKTOP-2KD9ONT', ip: '172.28.192.1', os.name: 'Windows 10', os.arch: 'amd64', os.version: '10.0', java.version: '11.0.13'
Driver info: org.openqa.selenium.chrome.ChromeDriver
Command: [22943cf34a68fdd4b454116f5e1e7419, findElement {using=css selector, value=strong.current-item}]
Capabilities {acceptInsecureCerts: false, browserName: chrome, browserVersion: 102.0.5005.115, chrome: {chromedriverVersion: 102.0.5005.61 (0e59bcc00cc4..., userDataDir: C:\Users\hp\AppData\Local\T...}, goog:chromeOptions: {debuggerAddress: localhost:9350}, networkConnectionEnabled: false, pageLoadStrategy: normal, platformName: WINDOWS, proxy: Proxy(), se:cdp: ws://localhost:9350/devtool..., se:cdpVersion: 102.0.5005.115, setWindowRect: true, strictFileInteractability: false, timeouts: {implicit: 0, pageLoad: 300000, script: 30000}, unhandledPromptBehavior: dismiss and notify, webauthn:extension:credBlob: true, webauthn:extension:largeBlob: true, webauthn:virtualAuthenticators: true}
Session ID: 22943cf34a68fdd4b454116f5e1e7419
	at tests.SearchProductTest.userCanSearchForProducts(SearchProductTest.java:40)
]]></failure>
    <system-out><![CDATA[Failed!
Taking screenshot...
]]></system-out>
  </testcase>
  <testcase name="userCanSearchWithAutoSuggest" classname="tests.SearchProductUsingAutoSuggest" time="2.385">
    <system-out><![CDATA[Failed!
Taking screenshot...
]]></system-out>
  </testcase>
  <testcase name="userCanSearchWithAutoSuggest" classname="tests.GuestCheckoutProductFromCart" time="1.986"/>
  <testcase name="userCanAddProductToShoppingCart" classname="tests.GuestCheckoutProductFromCart" time="1.168"/>
  <testcase name="userCanCheckoutProduct" classname="tests.GuestCheckoutProductFromCart" time="3.518">
    <failure message="no such element: Unable to locate element: {&quot;method&quot;:&quot;css selector&quot;,&quot;selector&quot;:&quot;.checkout-as-guest-or-register-block .buttons button.checkout-as-guest-button&quot;}&#10;  (Session info: chrome=102.0.5005.115)&#10;For documentation on this error, please visit: https://selenium.dev/exceptions/#no_such_element&#10;Build info: version: &apos;4.2.2&apos;, revision: &apos;683ccb65d6&apos;&#10;System info: host: &apos;DESKTOP-2KD9ONT&apos;, ip: &apos;172.28.192.1&apos;, os.name: &apos;Windows 10&apos;, os.arch: &apos;amd64&apos;, os.version: &apos;10.0&apos;, java.version: &apos;11.0.13&apos;&#10;Driver info: org.openqa.selenium.chrome.ChromeDriver&#10;Command: [22943cf34a68fdd4b454116f5e1e7419, findElement {using=css selector, value=.checkout-as-guest-or-register-block .buttons button.checkout-as-guest-button}]&#10;Capabilities {acceptInsecureCerts: false, browserName: chrome, browserVersion: 102.0.5005.115, chrome: {chromedriverVersion: 102.0.5005.61 (0e59bcc00cc4..., userDataDir: C:\Users\hp\AppData\Local\T...}, goog:chromeOptions: {debuggerAddress: localhost:9350}, networkConnectionEnabled: false, pageLoadStrategy: normal, platformName: WINDOWS, proxy: Proxy(), se:cdp: ws://localhost:9350/devtool..., se:cdpVersion: 102.0.5005.115, setWindowRect: true, strictFileInteractability: false, timeouts: {implicit: 0, pageLoad: 300000, script: 30000}, unhandledPromptBehavior: dismiss and notify, webauthn:extension:credBlob: true, webauthn:extension:largeBlob: true, webauthn:virtualAuthenticators: true}&#10;Session ID: 22943cf34a68fdd4b454116f5e1e7419" type="org.openqa.selenium.NoSuchElementException"><![CDATA[org.openqa.selenium.NoSuchElementException: 
no such element: Unable to locate element: {"method":"css selector","selector":".checkout-as-guest-or-register-block .buttons button.checkout-as-guest-button"}
  (Session info: chrome=102.0.5005.115)
For documentation on this error, please visit: https://selenium.dev/exceptions/#no_such_element
Build info: version: '4.2.2', revision: '683ccb65d6'
System info: host: 'DESKTOP-2KD9ONT', ip: '172.28.192.1', os.name: 'Windows 10', os.arch: 'amd64', os.version: '10.0', java.version: '11.0.13'
Driver info: org.openqa.selenium.chrome.ChromeDriver
Command: [22943cf34a68fdd4b454116f5e1e7419, findElement {using=css selector, value=.checkout-as-guest-or-register-block .buttons button.checkout-as-guest-button}]
Capabilities {acceptInsecureCerts: false, browserName: chrome, browserVersion: 102.0.5005.115, chrome: {chromedriverVersion: 102.0.5005.61 (0e59bcc00cc4..., userDataDir: C:\Users\hp\AppData\Local\T...}, goog:chromeOptions: {debuggerAddress: localhost:9350}, networkConnectionEnabled: false, pageLoadStrategy: normal, platformName: WINDOWS, proxy: Proxy(), se:cdp: ws://localhost:9350/devtool..., se:cdpVersion: 102.0.5005.115, setWindowRect: true, strictFileInteractability: false, timeouts: {implicit: 0, pageLoad: 300000, script: 30000}, unhandledPromptBehavior: dismiss and notify, webauthn:extension:credBlob: true, webauthn:extension:largeBlob: true, webauthn:virtualAuthenticators: true}
Session ID: 22943cf34a68fdd4b454116f5e1e7419
	at tests.GuestCheckoutProductFromCart.userCanCheckoutProduct(GuestCheckoutProductFromCart.java:49)
]]></failure>
  </testcase>
  <testcase name="userCanViewOrderDetails" classname="tests.GuestCheckoutProductFromCart" time="2.021">
    <failure message="no such element: Unable to locate element: {&quot;method&quot;:&quot;css selector&quot;,&quot;selector&quot;:&quot;.details .details-link a&quot;}&#10;  (Session info: chrome=102.0.5005.115)&#10;For documentation on this error, please visit: https://selenium.dev/exceptions/#no_such_element&#10;Build info: version: &apos;4.2.2&apos;, revision: &apos;683ccb65d6&apos;&#10;System info: host: &apos;DESKTOP-2KD9ONT&apos;, ip: &apos;172.28.192.1&apos;, os.name: &apos;Windows 10&apos;, os.arch: &apos;amd64&apos;, os.version: &apos;10.0&apos;, java.version: &apos;11.0.13&apos;&#10;Driver info: org.openqa.selenium.chrome.ChromeDriver&#10;Command: [22943cf34a68fdd4b454116f5e1e7419, findElement {using=css selector, value=.details .details-link a}]&#10;Capabilities {acceptInsecureCerts: false, browserName: chrome, browserVersion: 102.0.5005.115, chrome: {chromedriverVersion: 102.0.5005.61 (0e59bcc00cc4..., userDataDir: C:\Users\hp\AppData\Local\T...}, goog:chromeOptions: {debuggerAddress: localhost:9350}, networkConnectionEnabled: false, pageLoadStrategy: normal, platformName: WINDOWS, proxy: Proxy(), se:cdp: ws://localhost:9350/devtool..., se:cdpVersion: 102.0.5005.115, setWindowRect: true, strictFileInteractability: false, timeouts: {implicit: 0, pageLoad: 300000, script: 30000}, unhandledPromptBehavior: dismiss and notify, webauthn:extension:credBlob: true, webauthn:extension:largeBlob: true, webauthn:virtualAuthenticators: true}&#10;Session ID: 22943cf34a68fdd4b454116f5e1e7419" type="org.openqa.selenium.NoSuchElementException"><![CDATA[org.openqa.selenium.NoSuchElementException: 
no such element: Unable to locate element: {"method":"css selector","selector":".details .details-link a"}
  (Session info: chrome=102.0.5005.115)
For documentation on this error, please visit: https://selenium.dev/exceptions/#no_such_element
Build info: version: '4.2.2', revision: '683ccb65d6'
System info: host: 'DESKTOP-2KD9ONT', ip: '172.28.192.1', os.name: 'Windows 10', os.arch: 'amd64', os.version: '10.0', java.version: '11.0.13'
Driver info: org.openqa.selenium.chrome.ChromeDriver
Command: [22943cf34a68fdd4b454116f5e1e7419, findElement {using=css selector, value=.details .details-link a}]
Capabilities {acceptInsecureCerts: false, browserName: chrome, browserVersion: 102.0.5005.115, chrome: {chromedriverVersion: 102.0.5005.61 (0e59bcc00cc4..., userDataDir: C:\Users\hp\AppData\Local\T...}, goog:chromeOptions: {debuggerAddress: localhost:9350}, networkConnectionEnabled: false, pageLoadStrategy: normal, platformName: WINDOWS, proxy: Proxy(), se:cdp: ws://localhost:9350/devtool..., se:cdpVersion: 102.0.5005.115, setWindowRect: true, strictFileInteractability: false, timeouts: {implicit: 0, pageLoad: 300000, script: 30000}, unhandledPromptBehavior: dismiss and notify, webauthn:extension:credBlob: true, webauthn:extension:largeBlob: true, webauthn:virtualAuthenticators: true}
Session ID: 22943cf34a68fdd4b454116f5e1e7419
	at tests.GuestCheckoutProductFromCart.userCanViewOrderDetails(GuestCheckoutProductFromCart.java:59)
]]></failure>
    <system-out><![CDATA[Failed!
Taking screenshot...
]]></system-out>
  </testcase>
</testsuite>