<?xml version="1.0" encoding="UTF-8"?>
<testng-results ignored="0" total="1" passed="1" failed="0" skipped="0">
  <reporter-output>
  </reporter-output>
  <suite started-at="2021-12-03T18:31:33 EET" name="Default Suite" finished-at="2021-12-03T18:31:33 EET" duration-ms="46">
    <groups>
    </groups>
    <test started-at="2021-12-03T18:31:33 EET" name="SeleniumWithMoataz" finished-at="2021-12-03T18:31:33 EET" duration-ms="46">
      <class name="TestngDemo">
        <test-method signature="openURL()[pri:0, instance:TestngDemo@36f0f1be]" started-at="2021-12-03T18:31:33 EET" name="openURL" finished-at="2021-12-03T18:31:33 EET" duration-ms="5" status="PASS">
          <reporter-output>
          </reporter-output>
        </test-method> <!-- openURL -->
      </class> <!-- TestngDemo -->
    </test> <!-- SeleniumWithMoataz -->
  </suite> <!-- Default Suite -->
</testng-results>
